Running credit_load_dpn.pnml ...
Finished with the following details:
- Distance: 4
- Execution time: 24.150811429 seconds
- Iterations: 2180
- Priority queue size: 999
- Visited DPNs: 530
*** Modified guards: 
Guard [refuseproposal1] from (granted - reqd < 0) to (granted - Z <= 10000)
Guard [opencreditloan] from (Z - ok <= 0) to (Z - ok <= 9223372036854775807)
Guard [andjoin] from (reqd - granted <= 0) to (reqd - Z <= 9223372036854775807)
Guard [informacceptance] from (Z - granted < -10000) to (Z - granted <= 9223372036854775807)
Running evil-graph-dpn.pnml ...
Finished with the following details:
- Distance: 1
- Execution time: 0.688412012 seconds
- Iterations: 2
- Priority queue size: 26
- Visited DPNs: 2
*** Modified guards: 
Guard [t2] from (x - y < 0) to (x - Z <= 9223372036854775807)
Running ex-dpn.pnml ...
Running ex-tesi-dpn.pnml ...
Finished with the following details:
- Distance: 0
- Execution time: 0.598715029 seconds
- Iterations: 1
- Priority queue size: 0
- Visited DPNs: 1
*** Modified guards: 
Running exp-growth-2-dpn.pnml ...
Finished with the following details:
- Distance: 4
- Execution time: 1.054492656 seconds
- Iterations: 42
- Priority queue size: 23
- Visited DPNs: 16
*** Modified guards: 
Guard [n18] from (s - Z < 20) to (s - Z <= 9223372036854775807)
Guard [n17] from (s - Z < 10) to (s - Z <= 9223372036854775807)
Guard [n19] from (s - Z < 30) to (s - Z <= 9223372036854775807)
Guard [n20] from (s - Z < 40) to (s - Z <= 9223372036854775807)
Running exp-growth-3-dpn.pnml ...
Finished with the following details:
- Distance: 8
- Execution time: 13.463274478 seconds
- Iterations: 4402
- Priority queue size: 999
- Visited DPNs: 219
*** Modified guards: 
Guard [n36] from (s - Z < 40) to (s - Z <= 9223372036854775807)
Guard [n35] from (s - Z < 30) to (s - Z <= 9223372036854775807)
Guard [n38] from (s - Z < 60) to (s - Z <= 9223372036854775807)
Guard [n37] from (s - Z < 50) to (s - Z <= 9223372036854775807)
Guard [n39] from (s - Z < 70) to (s - Z <= 9223372036854775807)
Guard [n40] from (s - Z < 80) to (s - Z <= 9223372036854775807)
Guard [n34] from (s - Z < 20) to (s - Z <= 9223372036854775807)
Guard [n33] from (s - Z < 10) to (s - Z <= 9223372036854775807)
Running exp-growth-4-dpn.pnml ...
Finished with the following details:
- Distance: 16
- Execution time: 81.489991307 seconds
- Iterations: 13258
- Priority queue size: 999
- Visited DPNs: 1844
*** Modified guards: 
Guard [n70] from (s - Z < 60) to (s - Z <= 9223372036854775807)
Guard [n80] from (s - Z < 160) to (s - Z <= 9223372036854775807)
Guard [n72] from (s - Z < 80) to (s - Z <= 9223372036854775807)
Guard [n71] from (s - Z < 70) to (s - Z <= 9223372036854775807)
Guard [n74] from (s - Z < 100) to (s - Z <= 9223372036854775807)
Guard [n73] from (s - Z < 90) to (s - Z <= 9223372036854775807)
Guard [n76] from (s - Z < 120) to (s - Z <= 9223372036854775807)
Guard [n65] from (s - Z < 10) to (s - Z <= 9223372036854775807)
Guard [n75] from (s - Z < 110) to (s - Z <= 9223372036854775807)
Guard [n78] from (s - Z < 140) to (s - Z <= 9223372036854775807)
Guard [n67] from (s - Z < 30) to (s - Z <= 9223372036854775807)
Guard [n66] from (s - Z < 20) to (s - Z <= 9223372036854775807)
Guard [n77] from (s - Z < 130) to (s - Z <= 9223372036854775807)
Guard [n69] from (s - Z < 50) to (s - Z <= 9223372036854775807)
Guard [n79] from (s - Z < 150) to (s - Z <= 9223372036854775807)
Guard [n68] from (s - Z < 40) to (s - Z <= 9223372036854775807)
Running figure-2-dpn.pnml ...
Finished with the following details:
- Distance: 3
- Execution time: 0.910926788 seconds
- Iterations: 23
- Priority queue size: 30
- Visited DPNs: 20
*** Modified guards: 
Guard [t4] from (Z - a <= -10) to (Z - a <= -5)
Guard [t2] from (Z - a < -15) to (Z - a <= -5)
Guard [t3] from (Z - a <= -10) to (Z - a <= -5)
Running figure-3-dpn.pnml ...
Finished with the following details:
- Distance: 1
- Execution time: 0.59046867 seconds
- Iterations: 3
- Priority queue size: 5
- Visited DPNs: 3
*** Modified guards: 
Guard [t1] from (Z - a <= -5) to (Z - a <= 9223372036854775807)
Running figure-4-dpn.pnml ...
Finished with the following details:
- Distance: 0
- Execution time: 0.586284647 seconds
- Iterations: 1
- Priority queue size: 0
- Visited DPNs: 1
*** Modified guards: 
Running figure1-dpn.pnml ...
Finished with the following details:
- Distance: 2
- Execution time: 0.802990514 seconds
- Iterations: 12
- Priority queue size: 30
- Visited DPNs: 11
*** Modified guards: 
Guard [t4] from (b - a < 0) to (Z - a < -5)
Guard [t3] from (a - Z < 10) to (a - Z <= 10)
Running img-prof-no-ciclo-dpn.pnml ...
Finished with the following details:
- Distance: 1
- Execution time: 0.625879278 seconds
- Iterations: 2
- Priority queue size: 2
- Visited DPNs: 2
*** Modified guards: 
Guard [t3] from (y - Z < 10) to (y - Z <= 9223372036854775807)
Running no-soundness-1-dpn.pnml ...
Finished with the following details:
- Distance: 1
- Execution time: 0.58001079 seconds
- Iterations: 2
- Priority queue size: 3
- Visited DPNs: 2
*** Modified guards: 
Guard [t2] from (a - Z <= 5) to (a - Z <= 9223372036854775807)
Running package-handling-dpn.pnml ...
Finished with the following details:
- Distance: 1
- Execution time: 389.341848272 seconds
- Iterations: 2
- Priority queue size: 3
- Visited DPNs: 2
*** Modified guards: 
Guard [n30] from (Z - pt < -40) to (Z - pt < 0)
Running package-handling-half-dpn.pnml ...
Running wf-1-deadlock-dpn.pnml ...
Running wf-1-deadlock-free-dpn.pnml ...
Running wf-2-miss-trans-dpn.pnml ...
Running wf-3-deadlock-dpn.pnml ...
